<?xml version="1.0" encoding="UTF-8" ?>
<testsuite tests="17" failures="17" name="com.ou.services.BranchServiceTest" time="0.015" errors="0" skipped="0">
  <properties>
    <property name="java.runtime.name" value="Java(TM) SE Runtime Environment"/>
    <property name="java.vm.version" value="14.0.2+12-46"/>
    <property name="sun.boot.library.path" value="C:\Program Files\Java\jdk-14.0.2\bin"/>
    <property name="user.country.format" value="GB"/>
    <property name="maven.multiModuleProjectDirectory" value="C:\SupermarketManagement\SupermarketManagement"/>
    <property name="java.vm.vendor" value="Oracle Corporation"/>
    <property name="java.vendor.url" value="https://java.oracle.com/"/>
    <property name="guice.disable.misplaced.annotation.check" value="true"/>
    <property name="path.separator" value=";"/>
    <property name="java.vm.name" value="Java HotSpot(TM) 64-Bit Server VM"/>
    <property name="sun.os.patch.level" value=""/>
    <property name="user.script" value=""/>
    <property name="user.country" value="VN"/>
    <property name="sun.java.launcher" value="SUN_STANDARD"/>
    <property name="java.vm.specification.name" value="Java Virtual Machine Specification"/>
    <property name="user.dir" value="C:\SupermarketManagement\SupermarketManagement"/>
    <property name="java.vm.compressedOopsMode" value="32-bit"/>
    <property name="java.runtime.version" value="14.0.2+12-46"/>
    <property name="os.arch" value="amd64"/>
    <property name="java.io.tmpdir" value="C:\Users\Admin\AppData\Local\Temp\"/>
    <property name="line.separator" value="
"/>
    <property name="java.vm.specification.vendor" value="Oracle Corporation"/>
    <property name="user.variant" value=""/>
    <property name="os.name" value="Windows 10"/>
    <property name="maven.ext.class.path" value="C:\Program Files\NetBeans-12.6\netbeans\java\maven-nblib\netbeans-eventspy.jar"/>
    <property name="classworlds.conf" value="C:\Program Files\NetBeans-12.6\netbeans\java\maven\bin\..\bin\m2.conf"/>
    <property name="sun.jnu.encoding" value="Cp1252"/>
    <property name="java.library.path" value="C:\Program Files\Java\jdk-14.0.2\bin;C:\WINDOWS\Sun\Java\bin;C:\WINDOWS\system32;C:\WINDOWS;C:\Program Files (x86)\VMware\VMware Workstation\bin\;C:\WINDOWS\system32;C:\WINDOWS;C:\WINDOWS\System32\Wbem;C:\WINDOWS\System32\WindowsPowerShell\v1.0\;C:\WINDOWS\System32\OpenSSH\;C:\Program Files\dotnet\;C:\Program Files (x86)\Microsoft SQL Server\100\Tools\Binn\;C:\Program Files\Microsoft SQL Server\100\Tools\Binn\;C:\Program Files\Microsoft SQL Server\100\DTS\Binn\;C:\Program Files (x86)\Microsoft SQL Server\100\Tools\Binn\VSShell\Common7\IDE\;C:\Program Files (x86)\Microsoft SQL Server\100\DTS\Binn\;C:\Program Files\Git\cmd;C:\Program Files\MySQL\MySQL Shell 8.0\bin\;C:\Users\Admin\AppData\Local\Programs\Python\Python310\Scripts\;C:\Users\Admin\AppData\Local\Programs\Python\Python310\;C:\Users\Admin\AppData\Local\Microsoft\WindowsApps;C:\Program Files\Azure Data Studio\bin;C:\Users\Admin\.dotnet\tools;;."/>
    <property name="maven.conf" value="C:\Program Files\NetBeans-12.6\netbeans\java\maven\bin\../conf"/>
    <property name="jdk.debug" value="release"/>
    <property name="java.class.version" value="58.0"/>
    <property name="java.specification.name" value="Java Platform API Specification"/>
    <property name="sun.management.compiler" value="HotSpot 64-Bit Tiered Compilers"/>
    <property name="os.version" value="10.0"/>
    <property name="library.jansi.path" value="C:\Program Files\NetBeans-12.6\netbeans\java\maven\bin\..\lib\jansi-native"/>
    <property name="user.home" value="C:\Users\Admin"/>
    <property name="user.timezone" value="Asia/Bangkok"/>
    <property name="file.encoding" value="UTF-8"/>
    <property name="java.specification.version" value="14"/>
    <property name="user.name" value="Admin"/>
    <property name="java.class.path" value="C:\Program Files\NetBeans-12.6\netbeans\java\maven\bin\..\boot\plexus-classworlds-2.6.0.jar"/>
    <property name="java.vm.specification.version" value="14"/>
    <property name="sun.arch.data.model" value="64"/>
    <property name="sun.java.command" value="org.codehaus.plexus.classworlds.launcher.Launcher -Dmaven.ext.class.path=C:\Program Files\NetBeans-12.6\netbeans\java\maven-nblib\netbeans-eventspy.jar -Dfile.encoding=UTF-8 install"/>
    <property name="java.home" value="C:\Program Files\Java\jdk-14.0.2"/>
    <property name="user.language" value="vi"/>
    <property name="java.specification.vendor" value="Oracle Corporation"/>
    <property name="user.language.format" value="en"/>
    <property name="java.vm.info" value="mixed mode, sharing"/>
    <property name="java.version" value="14.0.2"/>
    <property name="java.vendor" value="Oracle Corporation"/>
    <property name="maven.home" value="C:\Program Files\NetBeans-12.6\netbeans\java\maven\bin\.."/>
    <property name="file.separator" value="\"/>
    <property name="java.version.date" value="2020-07-14"/>
    <property name="java.vendor.url.bug" value="https://bugreport.java.com/bugreport/"/>
    <property name="sun.io.unicode.encoding" value="UnicodeLittle"/>
    <property name="sun.cpu.endian" value="little"/>
    <property name="sun.cpu.isalist" value="amd64"/>
  </properties>
  <testcase classname="com.ou.services.BranchServiceTest" name="com.ou.services.BranchServiceTest.testUpdateBranchWithInvalidInformation" time="0.004">
    <failure type="java.lang.NullPointerException">java.lang.NullPointerException
	at com.ou.services.BranchServiceTest.testUpdateBranchWithInvalidInformation(BranchServiceTest.java:179)
</failure>
  </testcase>
  <testcase classname="com.ou.services.BranchServiceTest" name="com.ou.services.BranchServiceTest.testUpdateBranchWithValidInfomation" time="0">
    <failure type="java.lang.NullPointerException">java.lang.NullPointerException
	at com.ou.services.BranchServiceTest.testUpdateBranchWithValidInfomation(BranchServiceTest.java:209)
</failure>
  </testcase>
  <testcase classname="com.ou.services.BranchServiceTest" name="com.ou.services.BranchServiceTest.testAddBranchWithInvalidInformation" time="0">
    <failure type="java.lang.NullPointerException">java.lang.NullPointerException
	at com.ou.services.BranchServiceTest.testAddBranchWithInvalidInformation(BranchServiceTest.java:130)
</failure>
  </testcase>
  <testcase classname="com.ou.services.BranchServiceTest" name="com.ou.services.BranchServiceTest.testDeleteBranchWithInvalidInformation" time="0">
    <failure type="java.lang.NullPointerException">java.lang.NullPointerException
	at com.ou.services.BranchServiceTest.testDeleteBranchWithInvalidInformation(BranchServiceTest.java:234)
</failure>
  </testcase>
  <testcase classname="com.ou.services.BranchServiceTest" name="com.ou.services.BranchServiceTest.testDeleteBranchWithValidInfomation" time="0">
    <failure type="java.lang.NullPointerException">java.lang.NullPointerException
	at com.ou.services.BranchServiceTest.testDeleteBranchWithValidInfomation(BranchServiceTest.java:260)
</failure>
  </testcase>
  <testcase classname="com.ou.services.BranchServiceTest" name="com.ou.services.BranchServiceTest.testSelectAllBranchByEmptyKw" time="0">
    <failure type="java.lang.NullPointerException">java.lang.NullPointerException
	at com.ou.services.BranchServiceTest.testSelectAllBranchByEmptyKw(BranchServiceTest.java:65)
</failure>
  </testcase>
  <testcase classname="com.ou.services.BranchServiceTest" name="com.ou.services.BranchServiceTest.testSelectAllBranchByValidKw" time="0.001">
    <failure type="java.lang.NullPointerException">java.lang.NullPointerException
	at com.ou.services.BranchServiceTest.testSelectAllBranchByValidKw(BranchServiceTest.java:78)
</failure>
  </testcase>
  <testcase classname="com.ou.services.BranchServiceTest" name="com.ou.services.BranchServiceTest.testGetBranchAmount" time="0.001">
    <failure type="java.lang.NullPointerException">java.lang.NullPointerException
	at com.ou.services.BranchServiceTest.testGetBranchAmount(BranchServiceTest.java:102)
</failure>
  </testcase>
  <testcase classname="com.ou.services.BranchServiceTest" name="com.ou.services.BranchServiceTest.testAddBranchWithNull" time="0">
    <failure type="java.lang.NullPointerException">java.lang.NullPointerException
	at com.ou.services.BranchServiceTest.testAddBranchWithNull(BranchServiceTest.java:116)
</failure>
  </testcase>
  <testcase classname="com.ou.services.BranchServiceTest" name="com.ou.services.BranchServiceTest.testAddBranchWithExist" time="0">
    <failure type="java.lang.NullPointerException">java.lang.NullPointerException
	at com.ou.services.BranchServiceTest.testAddBranchWithExist(BranchServiceTest.java:141)
</failure>
  </testcase>
  <testcase classname="com.ou.services.BranchServiceTest" name="com.ou.services.BranchServiceTest.testAddBranchWithValidInfomation" time="0.002">
    <failure type="java.lang.NullPointerException">java.lang.NullPointerException
	at com.ou.services.BranchServiceTest.testAddBranchWithValidInfomation(BranchServiceTest.java:156)
</failure>
  </testcase>
  <testcase classname="com.ou.services.BranchServiceTest" name="com.ou.services.BranchServiceTest.testSelectAllBranchByInValid" time="0.002">
    <failure type="java.lang.NullPointerException">java.lang.NullPointerException
	at com.ou.services.BranchServiceTest.testSelectAllBranchByInValid(BranchServiceTest.java:90)
</failure>
  </testcase>
  <testcase classname="com.ou.services.BranchServiceTest" name="com.ou.services.BranchServiceTest.testUpdateBranchWithNull" time="0.001">
    <failure type="java.lang.NullPointerException">java.lang.NullPointerException
	at com.ou.services.BranchServiceTest.testUpdateBranchWithNull(BranchServiceTest.java:168)
</failure>
  </testcase>
  <testcase classname="com.ou.services.BranchServiceTest" name="com.ou.services.BranchServiceTest.testSelectAllBranchByNullKw" time="0.001">
    <failure type="java.lang.NullPointerException">java.lang.NullPointerException
	at com.ou.services.BranchServiceTest.testSelectAllBranchByNullKw(BranchServiceTest.java:52)
</failure>
  </testcase>
  <testcase classname="com.ou.services.BranchServiceTest" name="com.ou.services.BranchServiceTest.testDeleteBranchWithNull" time="0.001">
    <failure type="java.lang.NullPointerException">java.lang.NullPointerException
	at com.ou.services.BranchServiceTest.testDeleteBranchWithNull(BranchServiceTest.java:223)
</failure>
  </testcase>
  <testcase classname="com.ou.services.BranchServiceTest" name="com.ou.services.BranchServiceTest.testDeleteBranchWithExist" time="0.001">
    <failure type="java.lang.NullPointerException">java.lang.NullPointerException
	at com.ou.services.BranchServiceTest.testDeleteBranchWithExist(BranchServiceTest.java:247)
</failure>
  </testcase>
  <testcase classname="com.ou.services.BranchServiceTest" name="com.ou.services.BranchServiceTest.testUpdateBranchWithExist" time="0.001">
    <failure type="java.lang.NullPointerException">java.lang.NullPointerException
	at com.ou.services.BranchServiceTest.testUpdateBranchWithExist(BranchServiceTest.java:195)
</failure>
  </testcase>
</testsuite>